Connecting to database specified by database.yml
Connecting to database specified by database.yml
  [1m[36m (0.1ms)[0m  [1mselect sqlite_version(*)[0m
  [1m[35m (5.6ms)[0m  CREATE TABLE "schema_migrations" ("version" varchar(255) NOT NULL) 
  [1m[36m (1.5ms)[0m  [1mCREATE UNIQUE INDEX "unique_schema_migrations" ON "schema_migrations" ("version")[0m
  [1m[35m (1.2ms)[0m  SELECT "schema_migrations"."version" FROM "schema_migrations" 
Migrating to CreateUsers (20131002180626)
  [1m[36m (0.0ms)[0m  [1mbegin transaction[0m
  [1m[35m (0.4ms)[0m  CREATE TABLE "users" ("id" INTEGER PRIMARY KEY AUTOINCREMENT NOT NULL, "email" varchar(255), "created_at" datetime NOT NULL, "updated_at" datetime NOT NULL) 
  [1m[36m (0.1ms)[0m  [1mINSERT INTO "schema_migrations" ("version") VALUES ('20131002180626')[0m
  [1m[35m (1.1ms)[0m  commit transaction
  [1m[36m (0.1ms)[0m  [1mSELECT "schema_migrations"."version" FROM "schema_migrations" [0m
Connecting to database specified by database.yml
  [1m[36m (0.1ms)[0m  [1mselect sqlite_version(*)[0m
  [1m[35m (5.2ms)[0m  CREATE TABLE "schema_migrations" ("version" varchar(255) NOT NULL) 
  [1m[36m (0.9ms)[0m  [1mCREATE UNIQUE INDEX "unique_schema_migrations" ON "schema_migrations" ("version")[0m
  [1m[35m (1.3ms)[0m  SELECT "schema_migrations"."version" FROM "schema_migrations" 
Migrating to CreateUsers (20131002180626)
  [1m[36m (0.0ms)[0m  [1mbegin transaction[0m
  [1m[35m (0.2ms)[0m  CREATE UNIQUE INDEX "index_users_on_email" ON "users" ("email")
SQLite3::SQLException: no such table: main.users: CREATE UNIQUE INDEX "index_users_on_email" ON "users" ("email")
  [1m[36m (0.0ms)[0m  [1mrollback transaction[0m
Connecting to database specified by database.yml
  [1m[36m (0.1ms)[0m  [1mselect sqlite_version(*)[0m
  [1m[35m (5.2ms)[0m  CREATE TABLE "schema_migrations" ("version" varchar(255) NOT NULL) 
  [1m[36m (1.1ms)[0m  [1mCREATE UNIQUE INDEX "unique_schema_migrations" ON "schema_migrations" ("version")[0m
  [1m[35m (1.1ms)[0m  SELECT "schema_migrations"."version" FROM "schema_migrations" 
Migrating to CreateUsers (20131002180626)
  [1m[36m (0.0ms)[0m  [1mbegin transaction[0m
  [1m[35m (0.4ms)[0m  CREATE TABLE "users" ("id" INTEGER PRIMARY KEY AUTOINCREMENT NOT NULL, "email" varchar(255), "created_at" datetime NOT NULL, "updated_at" datetime NOT NULL) 
  [1m[36m (0.3ms)[0m  [1mCREATE UNIQUE INDEX "index_users_on_email" ON "users" ("email")[0m
  [1m[35m (0.1ms)[0m  INSERT INTO "schema_migrations" ("version") VALUES ('20131002180626')
  [1m[36m (1.2ms)[0m  [1mcommit transaction[0m
  [1m[35m (0.1ms)[0m  SELECT "schema_migrations"."version" FROM "schema_migrations" 
Connecting to database specified by database.yml
  [1m[36m (0.9ms)[0m  [1mSELECT "schema_migrations"."version" FROM "schema_migrations" [0m
Migrating to CreateUsers (20131002180626)
  [1m[35m (0.1ms)[0m  select sqlite_version(*)
  [1m[36m (0.1ms)[0m  [1mSELECT "schema_migrations"."version" FROM "schema_migrations" [0m
Connecting to database specified by database.yml
  [1m[36m (0.1ms)[0m  [1mselect sqlite_version(*)[0m
  [1m[35m (1.3ms)[0m  CREATE TABLE "schema_migrations" ("version" varchar(255) NOT NULL) 
  [1m[36m (1.0ms)[0m  [1mCREATE UNIQUE INDEX "unique_schema_migrations" ON "schema_migrations" ("version")[0m
  [1m[35m (1.2ms)[0m  SELECT "schema_migrations"."version" FROM "schema_migrations" 
Migrating to CreateUsers (20131002180626)
  [1m[36m (0.0ms)[0m  [1mbegin transaction[0m
  [1m[35m (0.6ms)[0m  CREATE TABLE "users" ("id" INTEGER PRIMARY KEY AUTOINCREMENT NOT NULL, "email" varchar(255) NOT NULL, "created_at" datetime NOT NULL, "updated_at" datetime NOT NULL) 
  [1m[36m (0.4ms)[0m  [1mCREATE UNIQUE INDEX "index_users_on_email" ON "users" ("email")[0m
  [1m[35m (0.1ms)[0m  INSERT INTO "schema_migrations" ("version") VALUES ('20131002180626')
  [1m[36m (12.2ms)[0m  [1mcommit transaction[0m
  [1m[35m (0.1ms)[0m  SELECT "schema_migrations"."version" FROM "schema_migrations" 
Connecting to database specified by database.yml
Connecting to database specified by database.yml
Connecting to database specified by database.yml
  [1m[36m (0.9ms)[0m  [1mSELECT "schema_migrations"."version" FROM "schema_migrations" [0m
Migrating to CreateUsers (20131002180626)
Migrating to CreateShortenedUrls (20131002182558)
  [1m[35m (0.0ms)[0m  select sqlite_version(*)
  [1m[36m (0.0ms)[0m  [1mbegin transaction[0m
  [1m[35m (0.5ms)[0m  CREATE TABLE "shortened_urls" ("id" INTEGER PRIMARY KEY AUTOINCREMENT NOT NULL, "long_url" varchar(255) NOT NULL, "short_url" varchar(255) NOT NULL, "submitter_id" integer NOT NULL, "created_at" datetime NOT NULL, "updated_at" datetime NOT NULL) 
  [1m[36m (0.1ms)[0m  [1mCREATE INDEX "index_shortened_urls_on_submitter_id" ON "shortened_urls" ("submitter_id")[0m
  [1m[35m (0.2ms)[0m  CREATE UNIQUE INDEX "index_shortened_urls_on_short_url" ON "shortened_urls" ("short_url")
  [1m[36m (0.1ms)[0m  [1mINSERT INTO "schema_migrations" ("version") VALUES ('20131002182558')[0m
  [1m[35m (1.2ms)[0m  commit transaction
  [1m[36m (0.1ms)[0m  [1mSELECT "schema_migrations"."version" FROM "schema_migrations" [0m
Connecting to database specified by database.yml
Connecting to database specified by database.yml
Connecting to database specified by database.yml
Connecting to database specified by database.yml
  [1m[36m (1.0ms)[0m  [1mSELECT "schema_migrations"."version" FROM "schema_migrations" [0m
Migrating to CreateUsers (20131002180626)
Migrating to CreateShortenedUrls (20131002182558)
Migrating to CreateVisits (20131002185358)
  [1m[35m (0.0ms)[0m  select sqlite_version(*)
  [1m[36m (0.0ms)[0m  [1mbegin transaction[0m
  [1m[35m (0.1ms)[0m  rollback transaction
Connecting to database specified by database.yml
  [1m[36m (0.9ms)[0m  [1mSELECT "schema_migrations"."version" FROM "schema_migrations" [0m
Migrating to CreateUsers (20131002180626)
Migrating to CreateShortenedUrls (20131002182558)
Migrating to CreateVisits (20131002185358)
  [1m[35m (0.0ms)[0m  select sqlite_version(*)
  [1m[36m (0.0ms)[0m  [1mbegin transaction[0m
  [1m[35m (0.4ms)[0m  CREATE TABLE "visits" ("id" INTEGER PRIMARY KEY AUTOINCREMENT NOT NULL, "visited_url_id" integer NOT NULL, "visitor_id" integer NOT NULL, "created_at" datetime NOT NULL, "updated_at" datetime NOT NULL) 
  [1m[36m (0.1ms)[0m  [1mCREATE INDEX "index_visits_on_visited_url_id_and_visitor_id" ON "visits" ("visited_url_id", "visitor_id")[0m
  [1m[35m (0.1ms)[0m  INSERT INTO "schema_migrations" ("version") VALUES ('20131002185358')
  [1m[36m (1.1ms)[0m  [1mcommit transaction[0m
  [1m[35m (0.1ms)[0m  SELECT "schema_migrations"."version" FROM "schema_migrations" 
Connecting to database specified by database.yml
Connecting to database specified by database.yml
Connecting to database specified by database.yml
Connecting to database specified by database.yml
  [1m[36mUser Load (1.0ms)[0m  [1mSELECT "users".* FROM "users" WHERE (email = 'imurchie@gmail.com') LIMIT 1[0m
Connecting to database specified by database.yml
  [1m[36mUser Load (1.0ms)[0m  [1mSELECT "users".* FROM "users" WHERE (email = 'imurchie@gmail.com') LIMIT 1[0m
  [1m[35m (0.1ms)[0m  SELECT COUNT(*) FROM "shortened_urls" WHERE (short_url = 'BJzK-TFq64k-eIm90uFxNA')
  [1m[36m (0.1ms)[0m  [1mbegin transaction[0m
  [1m[35mShortenedUrl Exists (0.1ms)[0m  SELECT 1 AS one FROM "shortened_urls" WHERE "shortened_urls"."short_url" = 'BJzK-TFq64k-eIm90uFxNA' LIMIT 1
  [1m[36mSQL (10.8ms)[0m  [1mINSERT INTO "shortened_urls" ("created_at", "long_url", "short_url", "submitter_id", "updated_at") VALUES (?, ?, ?, ?, ?)[0m  [["created_at", Wed, 02 Oct 2013 21:38:25 UTC +00:00], ["long_url", "fugboeuwig"], ["short_url", "BJzK-TFq64k-eIm90uFxNA"], ["submitter_id", 1], ["updated_at", Wed, 02 Oct 2013 21:38:25 UTC +00:00]]
  [1m[35m (1.4ms)[0m  commit transaction
  [1m[36mUser Load (0.4ms)[0m  [1mSELECT "users".* FROM "users" WHERE (email = 'imurchie@gmail.com') LIMIT 1[0m
Connecting to database specified by database.yml
  [1m[36mUser Load (1.1ms)[0m  [1mSELECT "users".* FROM "users" WHERE (email = 'imurchie@gmail.com') LIMIT 1[0m
  [1m[35m (0.1ms)[0m  SELECT COUNT(*) FROM "shortened_urls" WHERE (short_url = 'lsb1ZiE1X1T67iZQZy3vIQ')
  [1m[36m (0.1ms)[0m  [1mbegin transaction[0m
  [1m[35mShortenedUrl Exists (0.1ms)[0m  SELECT 1 AS one FROM "shortened_urls" WHERE "shortened_urls"."short_url" = 'lsb1ZiE1X1T67iZQZy3vIQ' LIMIT 1
  [1m[36mSQL (14.2ms)[0m  [1mINSERT INTO "shortened_urls" ("created_at", "long_url", "short_url", "submitter_id", "updated_at") VALUES (?, ?, ?, ?, ?)[0m  [["created_at", Wed, 02 Oct 2013 21:43:40 UTC +00:00], ["long_url", "http://google.com"], ["short_url", "lsb1ZiE1X1T67iZQZy3vIQ"], ["submitter_id", 1], ["updated_at", Wed, 02 Oct 2013 21:43:40 UTC +00:00]]
  [1m[35m (5.4ms)[0m  commit transaction
  [1m[36mUser Load (0.3ms)[0m  [1mSELECT "users".* FROM "users" WHERE (email = 'imurchie@gmail.com') LIMIT 1[0m
  [1m[35mShortenedUrl Load (0.3ms)[0m  SELECT "shortened_urls".* FROM "shortened_urls" WHERE (short_url = 'lsb1ZiE1X1T67iZQZy3vIQ') LIMIT 1
  [1m[36m (0.1ms)[0m  [1mbegin transaction[0m
  [1m[35mSQL (0.5ms)[0m  INSERT INTO "visits" ("created_at", "updated_at", "visited_url_id", "visitor_id") VALUES (?, ?, ?, ?)  [["created_at", Wed, 02 Oct 2013 21:43:59 UTC +00:00], ["updated_at", Wed, 02 Oct 2013 21:43:59 UTC +00:00], ["visited_url_id", 3], ["visitor_id", 1]]
  [1m[36m (5.5ms)[0m  [1mcommit transaction[0m
Connecting to database specified by database.yml
Connecting to database specified by database.yml
Connecting to database specified by database.yml
Connecting to database specified by database.yml
  [1m[36m (1.0ms)[0m  [1mSELECT "schema_migrations"."version" FROM "schema_migrations" [0m
Migrating to CreateUsers (20131002180626)
Migrating to CreateShortenedUrls (20131002182558)
Migrating to CreateVisits (20131002185358)
Migrating to CreateTagTopics (20131002215048)
  [1m[35m (0.0ms)[0m  select sqlite_version(*)
  [1m[36m (0.1ms)[0m  [1mbegin transaction[0m
  [1m[35m (0.5ms)[0m  CREATE TABLE "tag_topics" ("id" INTEGER PRIMARY KEY AUTOINCREMENT NOT NULL, "name" varchar(255) NOT NULL, "created_at" datetime NOT NULL, "updated_at" datetime NOT NULL) 
  [1m[36m (0.3ms)[0m  [1mCREATE UNIQUE INDEX "index_tag_topics_on_name" ON "tag_topics" ("name")[0m
  [1m[35m (0.1ms)[0m  INSERT INTO "schema_migrations" ("version") VALUES ('20131002215048')
  [1m[36m (5.2ms)[0m  [1mcommit transaction[0m
Migrating to CreateTaggings (20131002215355)
  [1m[35m (0.0ms)[0m  begin transaction
  [1m[36m (0.0ms)[0m  [1mrollback transaction[0m
Connecting to database specified by database.yml
  [1m[36m (1.0ms)[0m  [1mSELECT "schema_migrations"."version" FROM "schema_migrations" [0m
Migrating to CreateUsers (20131002180626)
Migrating to CreateShortenedUrls (20131002182558)
Migrating to CreateVisits (20131002185358)
Migrating to CreateTagTopics (20131002215048)
Migrating to CreateTaggings (20131002215355)
  [1m[35m (0.0ms)[0m  select sqlite_version(*)
  [1m[36m (0.0ms)[0m  [1mbegin transaction[0m
  [1m[35m (0.4ms)[0m  CREATE TABLE "taggings" ("id" INTEGER PRIMARY KEY AUTOINCREMENT NOT NULL, "tag_topic_id" integer NOT NULL, "tagged_url_id" integer NOT NULL, "created_at" datetime NOT NULL, "updated_at" datetime NOT NULL) 
  [1m[36m (0.3ms)[0m  [1mCREATE UNIQUE INDEX "index_taggings_on_tag_topic_id_and_tagged_url_id" ON "taggings" ("tag_topic_id", "tagged_url_id")[0m
  [1m[35m (0.1ms)[0m  INSERT INTO "schema_migrations" ("version") VALUES ('20131002215355')
  [1m[36m (5.6ms)[0m  [1mcommit transaction[0m
  [1m[35m (0.1ms)[0m  SELECT "schema_migrations"."version" FROM "schema_migrations" 
Connecting to database specified by database.yml
  [1m[36mUser Load (1.0ms)[0m  [1mSELECT "users".* FROM "users" WHERE (email = 'imurchie@gmail.com') LIMIT 1[0m
  [1m[35mTagTopic Load (0.1ms)[0m  SELECT "tag_topics".* FROM "tag_topics" 
Connecting to database specified by database.yml
  [1m[36mUser Load (1.1ms)[0m  [1mSELECT "users".* FROM "users" WHERE (email = 'imurchie@gmail.com') LIMIT 1[0m
  [1m[35mTagTopic Load (0.1ms)[0m  SELECT "tag_topics".* FROM "tag_topics" 
  [1m[36m (0.1ms)[0m  [1mSELECT COUNT(*) FROM "shortened_urls" WHERE (short_url = 'a8-1AYIhnCIQeb0dgiByyQ')[0m
  [1m[35m (0.1ms)[0m  begin transaction
  [1m[36mShortenedUrl Exists (0.1ms)[0m  [1mSELECT 1 AS one FROM "shortened_urls" WHERE "shortened_urls"."short_url" = 'a8-1AYIhnCIQeb0dgiByyQ' LIMIT 1[0m
  [1m[35mSQL (1.2ms)[0m  INSERT INTO "shortened_urls" ("created_at", "long_url", "short_url", "submitter_id", "updated_at") VALUES (?, ?, ?, ?, ?)  [["created_at", Wed, 02 Oct 2013 22:33:28 UTC +00:00], ["long_url", "bing.com"], ["short_url", "a8-1AYIhnCIQeb0dgiByyQ"], ["submitter_id", 1], ["updated_at", Wed, 02 Oct 2013 22:33:28 UTC +00:00]]
  [1m[36m (1.7ms)[0m  [1mcommit transaction[0m
Connecting to database specified by database.yml
  [1m[36mUser Load (1.1ms)[0m  [1mSELECT "users".* FROM "users" WHERE (email = 'imurchie@gmail.com') LIMIT 1[0m
  [1m[35mTagTopic Load (0.1ms)[0m  SELECT "tag_topics".* FROM "tag_topics" 
  [1m[36m (0.1ms)[0m  [1mSELECT COUNT(*) FROM "shortened_urls" WHERE (short_url = 'zv-Pdm4X8n4IfqydUlraGQ')[0m
  [1m[35m (0.1ms)[0m  begin transaction
  [1m[36mShortenedUrl Exists (0.1ms)[0m  [1mSELECT 1 AS one FROM "shortened_urls" WHERE "shortened_urls"."short_url" = 'zv-Pdm4X8n4IfqydUlraGQ' LIMIT 1[0m
  [1m[35mSQL (1.2ms)[0m  INSERT INTO "shortened_urls" ("created_at", "long_url", "short_url", "submitter_id", "updated_at") VALUES (?, ?, ?, ?, ?)  [["created_at", Wed, 02 Oct 2013 22:34:34 UTC +00:00], ["long_url", "yelp.com"], ["short_url", "zv-Pdm4X8n4IfqydUlraGQ"], ["submitter_id", 1], ["updated_at", Wed, 02 Oct 2013 22:34:34 UTC +00:00]]
  [1m[36m (1.4ms)[0m  [1mcommit transaction[0m
  [1m[35mTagTopic Load (0.2ms)[0m  SELECT "tag_topics".* FROM "tag_topics" WHERE (name = 'Sports')
Connecting to database specified by database.yml
  [1m[36mUser Load (1.0ms)[0m  [1mSELECT "users".* FROM "users" WHERE (email = 'imurchie@gmail.com') LIMIT 1[0m
  [1m[35mTagTopic Load (0.1ms)[0m  SELECT "tag_topics".* FROM "tag_topics" 
  [1m[36mTagTopic Load (0.3ms)[0m  [1mSELECT "tag_topics".* FROM "tag_topics" WHERE (name = 'News') LIMIT 1[0m
  [1m[35m (0.1ms)[0m  SELECT COUNT(*) FROM "shortened_urls" WHERE (short_url = 'YZlcm-41UlWB9D06oe30vQ')
  [1m[36m (0.1ms)[0m  [1mbegin transaction[0m
  [1m[35mShortenedUrl Exists (0.1ms)[0m  SELECT 1 AS one FROM "shortened_urls" WHERE "shortened_urls"."short_url" = 'YZlcm-41UlWB9D06oe30vQ' LIMIT 1
  [1m[36mSQL (1.2ms)[0m  [1mINSERT INTO "shortened_urls" ("created_at", "long_url", "short_url", "submitter_id", "updated_at") VALUES (?, ?, ?, ?, ?)[0m  [["created_at", Wed, 02 Oct 2013 22:36:16 UTC +00:00], ["long_url", "alkjr.com"], ["short_url", "YZlcm-41UlWB9D06oe30vQ"], ["submitter_id", 1], ["updated_at", Wed, 02 Oct 2013 22:36:16 UTC +00:00]]
  [1m[35m (5.4ms)[0m  commit transaction
  [1m[36m (0.1ms)[0m  [1mbegin transaction[0m
  [1m[35mSQL (0.5ms)[0m  INSERT INTO "taggings" ("created_at", "tag_topic_id", "tagged_url_id", "updated_at") VALUES (?, ?, ?, ?)  [["created_at", Wed, 02 Oct 2013 22:36:16 UTC +00:00], ["tag_topic_id", 1], ["tagged_url_id", 6], ["updated_at", Wed, 02 Oct 2013 22:36:16 UTC +00:00]]
  [1m[36m (1.3ms)[0m  [1mcommit transaction[0m
Connecting to database specified by database.yml
  [1m[36mUser Load (1.1ms)[0m  [1mSELECT "users".* FROM "users" WHERE (email = 'imurchie@gmail.com') LIMIT 1[0m
  [1m[35mShortenedUrl Load (0.1ms)[0m  SELECT "shortened_urls".* FROM "shortened_urls" WHERE (short_url = 'YZlcm-41UlWB9D06oe30vQ') LIMIT 1
  [1m[36m (0.0ms)[0m  [1mbegin transaction[0m
  [1m[35mSQL (3.5ms)[0m  INSERT INTO "visits" ("created_at", "updated_at", "visited_url_id", "visitor_id") VALUES (?, ?, ?, ?)  [["created_at", Wed, 02 Oct 2013 22:37:12 UTC +00:00], ["updated_at", Wed, 02 Oct 2013 22:37:12 UTC +00:00], ["visited_url_id", 6], ["visitor_id", 1]]
  [1m[36m (42.3ms)[0m  [1mcommit transaction[0m
  [1m[35mShortenedUrl Load (0.6ms)[0m  SELECT "shortened_urls".* FROM "shortened_urls" WHERE (short_url = 'YZlcm-41UlWB9D06oe30vQ') LIMIT 1
  [1m[36m (0.1ms)[0m  [1mbegin transaction[0m
  [1m[35mSQL (0.6ms)[0m  INSERT INTO "visits" ("created_at", "updated_at", "visited_url_id", "visitor_id") VALUES (?, ?, ?, ?)  [["created_at", Wed, 02 Oct 2013 22:37:18 UTC +00:00], ["updated_at", Wed, 02 Oct 2013 22:37:18 UTC +00:00], ["visited_url_id", 6], ["visitor_id", 1]]
  [1m[36m (1.2ms)[0m  [1mcommit transaction[0m
  [1m[35mShortenedUrl Load (0.5ms)[0m  SELECT "shortened_urls".* FROM "shortened_urls" WHERE (short_url = 'YZlcm-41UlWB9D06oe30vQ') LIMIT 1
  [1m[36m (0.1ms)[0m  [1mbegin transaction[0m
  [1m[35mSQL (0.6ms)[0m  INSERT INTO "visits" ("created_at", "updated_at", "visited_url_id", "visitor_id") VALUES (?, ?, ?, ?)  [["created_at", Wed, 02 Oct 2013 22:37:23 UTC +00:00], ["updated_at", Wed, 02 Oct 2013 22:37:23 UTC +00:00], ["visited_url_id", 6], ["visitor_id", 1]]
  [1m[36m (5.4ms)[0m  [1mcommit transaction[0m
  [1m[35mTagTopic Load (0.2ms)[0m  SELECT "tag_topics".* FROM "tag_topics" 
  [1m[36mTagTopic Load (0.4ms)[0m  [1mSELECT "tag_topics".* FROM "tag_topics" WHERE (name = 'News') LIMIT 1[0m
  [1m[35m (0.2ms)[0m  SELECT COUNT(*) FROM "shortened_urls" WHERE (short_url = '0v-XCs9pS5s-P9Mpzcu6kg')
  [1m[36m (0.1ms)[0m  [1mbegin transaction[0m
  [1m[35mShortenedUrl Exists (0.2ms)[0m  SELECT 1 AS one FROM "shortened_urls" WHERE "shortened_urls"."short_url" = '0v-XCs9pS5s-P9Mpzcu6kg' LIMIT 1
  [1m[36mSQL (0.5ms)[0m  [1mINSERT INTO "shortened_urls" ("created_at", "long_url", "short_url", "submitter_id", "updated_at") VALUES (?, ?, ?, ?, ?)[0m  [["created_at", Wed, 02 Oct 2013 22:37:39 UTC +00:00], ["long_url", "news.com"], ["short_url", "0v-XCs9pS5s-P9Mpzcu6kg"], ["submitter_id", 1], ["updated_at", Wed, 02 Oct 2013 22:37:39 UTC +00:00]]
  [1m[35m (5.2ms)[0m  commit transaction
  [1m[36m (0.1ms)[0m  [1mbegin transaction[0m
  [1m[35mSQL (0.7ms)[0m  INSERT INTO "taggings" ("created_at", "tag_topic_id", "tagged_url_id", "updated_at") VALUES (?, ?, ?, ?)  [["created_at", Wed, 02 Oct 2013 22:37:39 UTC +00:00], ["tag_topic_id", 1], ["tagged_url_id", 7], ["updated_at", Wed, 02 Oct 2013 22:37:39 UTC +00:00]]
  [1m[36m (1.5ms)[0m  [1mcommit transaction[0m
  [1m[35mShortenedUrl Load (0.3ms)[0m  SELECT "shortened_urls".* FROM "shortened_urls" WHERE (short_url = '0v-XCs9pS5s-P9Mpzcu6kg') LIMIT 1
  [1m[36m (0.1ms)[0m  [1mbegin transaction[0m
  [1m[35mSQL (0.6ms)[0m  INSERT INTO "visits" ("created_at", "updated_at", "visited_url_id", "visitor_id") VALUES (?, ?, ?, ?)  [["created_at", Wed, 02 Oct 2013 22:37:46 UTC +00:00], ["updated_at", Wed, 02 Oct 2013 22:37:46 UTC +00:00], ["visited_url_id", 7], ["visitor_id", 1]]
  [1m[36m (5.2ms)[0m  [1mcommit transaction[0m
  [1m[35mShortenedUrl Load (0.5ms)[0m  SELECT "shortened_urls".* FROM "shortened_urls" WHERE (short_url = '0v-XCs9pS5s-P9Mpzcu6kg') LIMIT 1
  [1m[36m (0.1ms)[0m  [1mbegin transaction[0m
  [1m[35mSQL (0.6ms)[0m  INSERT INTO "visits" ("created_at", "updated_at", "visited_url_id", "visitor_id") VALUES (?, ?, ?, ?)  [["created_at", Wed, 02 Oct 2013 22:37:54 UTC +00:00], ["updated_at", Wed, 02 Oct 2013 22:37:54 UTC +00:00], ["visited_url_id", 7], ["visitor_id", 1]]
  [1m[36m (5.6ms)[0m  [1mcommit transaction[0m
Connecting to database specified by database.yml
  [1m[36mUser Load (1.0ms)[0m  [1mSELECT "users".* FROM "users" WHERE (email = 'imurchie@gmail.com') LIMIT 1[0m
Connecting to database specified by database.yml
  [1m[36mUser Load (1.0ms)[0m  [1mSELECT "users".* FROM "users" WHERE (email = 'imurchie@gmail.com') LIMIT 1[0m
  [1m[35mTagTopic Load (0.1ms)[0m  SELECT "tag_topics".* FROM "tag_topics" 
Connecting to database specified by database.yml
Connecting to database specified by database.yml
  [1m[36mUser Load (1.1ms)[0m  [1mSELECT "users".* FROM "users" WHERE (email = 'imurchie@gmail.com') LIMIT 1[0m
  [1m[35mTagTopic Load (0.1ms)[0m  SELECT "tag_topics".* FROM "tag_topics" 
  [1m[36mTagTopic Load (0.3ms)[0m  [1mSELECT "tag_topics".* FROM "tag_topics" WHERE (name = 'WTF') LIMIT 1[0m
  [1m[35m (0.1ms)[0m  SELECT COUNT(*) FROM "shortened_urls" WHERE (short_url = 'lEwtxjpfa6HA7onlddC09g')
  [1m[36m (0.1ms)[0m  [1mbegin transaction[0m
  [1m[35mShortenedUrl Exists (0.1ms)[0m  SELECT 1 AS one FROM "shortened_urls" WHERE "shortened_urls"."short_url" = 'lEwtxjpfa6HA7onlddC09g' LIMIT 1
  [1m[36mSQL (1.2ms)[0m  [1mINSERT INTO "shortened_urls" ("created_at", "long_url", "short_url", "submitter_id", "updated_at") VALUES (?, ?, ?, ?, ?)[0m  [["created_at", Wed, 02 Oct 2013 22:59:18 UTC +00:00], ["long_url", "wtf.com"], ["short_url", "lEwtxjpfa6HA7onlddC09g"], ["submitter_id", 1], ["updated_at", Wed, 02 Oct 2013 22:59:18 UTC +00:00]]
  [1m[35m (5.5ms)[0m  commit transaction
  [1m[36m (0.1ms)[0m  [1mbegin transaction[0m
  [1m[35mSQL (0.5ms)[0m  INSERT INTO "taggings" ("created_at", "tag_topic_id", "tagged_url_id", "updated_at") VALUES (?, ?, ?, ?)  [["created_at", Wed, 02 Oct 2013 22:59:18 UTC +00:00], ["tag_topic_id", 3], ["tagged_url_id", 8], ["updated_at", Wed, 02 Oct 2013 22:59:18 UTC +00:00]]
  [1m[36m (2.1ms)[0m  [1mcommit transaction[0m
  [1m[35mShortenedUrl Load (0.3ms)[0m  SELECT "shortened_urls".* FROM "shortened_urls" WHERE (short_url = 'lEwtxjpfa6HA7onlddC09g') LIMIT 1
  [1m[36m (0.1ms)[0m  [1mbegin transaction[0m
  [1m[35mSQL (0.5ms)[0m  INSERT INTO "visits" ("created_at", "updated_at", "visited_url_id", "visitor_id") VALUES (?, ?, ?, ?)  [["created_at", Wed, 02 Oct 2013 22:59:30 UTC +00:00], ["updated_at", Wed, 02 Oct 2013 22:59:30 UTC +00:00], ["visited_url_id", 8], ["visitor_id", 1]]
  [1m[36m (5.4ms)[0m  [1mcommit transaction[0m
Connecting to database specified by database.yml
  [1m[36mUser Load (1.0ms)[0m  [1mSELECT "users".* FROM "users" WHERE (email = 'imurchie@gmail.com') LIMIT 1[0m
  [1m[35mTagTopic Load (0.1ms)[0m  SELECT "tag_topics".* FROM "tag_topics" 
  [1m[36mShortenedUrl Load (0.3ms)[0m  [1mSELECT "shortened_urls".* FROM "shortened_urls" INNER JOIN "taggings" ON "taggings"."tagged_url_id" = "shortened_urls"."id" INNER JOIN "tag_topics" ON "tag_topics"."id" = "taggings"."tag_topic_id" INNER JOIN "taggings" "taggings_shortened_urls" ON "taggings_shortened_urls"."tagged_url_id" = "shortened_urls"."id" INNER JOIN "visits" ON "visits"."visited_url_id" = "shortened_urls"."id" WHERE (tag_topics.name = 'News') GROUP BY visited_url_id ORDER BY COUNT(*) DESC LIMIT 10[0m
  [1m[35mTagTopic Load (0.3ms)[0m  SELECT "tag_topics".* FROM "tag_topics" 
  [1m[36mShortenedUrl Load (0.5ms)[0m  [1mSELECT "shortened_urls".* FROM "shortened_urls" INNER JOIN "taggings" ON "taggings"."tagged_url_id" = "shortened_urls"."id" INNER JOIN "tag_topics" ON "tag_topics"."id" = "taggings"."tag_topic_id" INNER JOIN "taggings" "taggings_shortened_urls" ON "taggings_shortened_urls"."tagged_url_id" = "shortened_urls"."id" INNER JOIN "visits" ON "visits"."visited_url_id" = "shortened_urls"."id" WHERE (tag_topics.name = 'News') GROUP BY visited_url_id ORDER BY COUNT(*) DESC LIMIT 10[0m
  [1m[35mTagTopic Load (0.2ms)[0m  SELECT "tag_topics".* FROM "tag_topics" 
  [1m[36mShortenedUrl Load (0.6ms)[0m  [1mSELECT "shortened_urls".* FROM "shortened_urls" INNER JOIN "taggings" ON "taggings"."tagged_url_id" = "shortened_urls"."id" INNER JOIN "tag_topics" ON "tag_topics"."id" = "taggings"."tag_topic_id" INNER JOIN "taggings" "taggings_shortened_urls" ON "taggings_shortened_urls"."tagged_url_id" = "shortened_urls"."id" INNER JOIN "visits" ON "visits"."visited_url_id" = "shortened_urls"."id" WHERE (tag_topics.name = 'News') GROUP BY visited_url_id ORDER BY COUNT(*) DESC LIMIT 10[0m
Connecting to database specified by database.yml
  [1m[36mUser Load (1.1ms)[0m  [1mSELECT "users".* FROM "users" WHERE (email = 'imurchie') LIMIT 1[0m
Connecting to database specified by database.yml
  [1m[36mUser Load (1.4ms)[0m  [1mSELECT "users".* FROM "users" WHERE (email = 'imurchie@gmail.com') LIMIT 1[0m
  [1m[35mTagTopic Load (0.1ms)[0m  SELECT "tag_topics".* FROM "tag_topics" 
  [1m[36mShortenedUrl Load (0.3ms)[0m  [1mSELECT "shortened_urls".* FROM "shortened_urls" INNER JOIN "taggings" ON "taggings"."tagged_url_id" = "shortened_urls"."id" INNER JOIN "tag_topics" ON "tag_topics"."id" = "taggings"."tag_topic_id" INNER JOIN "taggings" "taggings_shortened_urls" ON "taggings_shortened_urls"."tagged_url_id" = "shortened_urls"."id" INNER JOIN "visits" ON "visits"."visited_url_id" = "shortened_urls"."id" WHERE (tag_topics.name = 'News') GROUP BY visited_url_id ORDER BY COUNT(*) DESC LIMIT 10[0m
  [1m[35mTagTopic Load (0.3ms)[0m  SELECT "tag_topics".* FROM "tag_topics" 
  [1m[36mShortenedUrl Load (0.5ms)[0m  [1mSELECT "shortened_urls".* FROM "shortened_urls" INNER JOIN "taggings" ON "taggings"."tagged_url_id" = "shortened_urls"."id" INNER JOIN "tag_topics" ON "tag_topics"."id" = "taggings"."tag_topic_id" INNER JOIN "taggings" "taggings_shortened_urls" ON "taggings_shortened_urls"."tagged_url_id" = "shortened_urls"."id" INNER JOIN "visits" ON "visits"."visited_url_id" = "shortened_urls"."id" WHERE (tag_topics.name = 'Sports') GROUP BY visited_url_id ORDER BY COUNT(*) DESC LIMIT 10[0m
  [1m[35mTagTopic Load (0.2ms)[0m  SELECT "tag_topics".* FROM "tag_topics" 
  [1m[36mShortenedUrl Load (0.6ms)[0m  [1mSELECT "shortened_urls".* FROM "shortened_urls" INNER JOIN "taggings" ON "taggings"."tagged_url_id" = "shortened_urls"."id" INNER JOIN "tag_topics" ON "tag_topics"."id" = "taggings"."tag_topic_id" INNER JOIN "taggings" "taggings_shortened_urls" ON "taggings_shortened_urls"."tagged_url_id" = "shortened_urls"."id" INNER JOIN "visits" ON "visits"."visited_url_id" = "shortened_urls"."id" WHERE (tag_topics.name = 'WTF') GROUP BY visited_url_id ORDER BY COUNT(*) DESC LIMIT 10[0m
Connecting to database specified by database.yml
  [1m[36mUser Load (1.1ms)[0m  [1mSELECT "users".* FROM "users" WHERE (email = 'imurchie@gmail.com') LIMIT 1[0m
  [1m[35mTagTopic Load (0.1ms)[0m  SELECT "tag_topics".* FROM "tag_topics" 
  [1m[36mTagTopic Load (0.3ms)[0m  [1mSELECT "tag_topics".* FROM "tag_topics" WHERE (name = 'WTF') LIMIT 1[0m
  [1m[35m (0.1ms)[0m  SELECT COUNT(*) FROM "shortened_urls" WHERE (short_url = 'd1DXMAqMR5dWAEXOgdspZg')
  [1m[36m (0.1ms)[0m  [1mbegin transaction[0m
  [1m[35mShortenedUrl Exists (0.1ms)[0m  SELECT 1 AS one FROM "shortened_urls" WHERE "shortened_urls"."short_url" = 'd1DXMAqMR5dWAEXOgdspZg' LIMIT 1
  [1m[36m (0.0ms)[0m  [1mrollback transaction[0m
Connecting to database specified by database.yml
Connecting to database specified by database.yml
  [1m[36mUser Load (1.1ms)[0m  [1mSELECT "users".* FROM "users" WHERE (email = 'imurchie@gmail.com') LIMIT 1[0m
  [1m[35mTagTopic Load (0.1ms)[0m  SELECT "tag_topics".* FROM "tag_topics" 
  [1m[36mTagTopic Load (0.3ms)[0m  [1mSELECT "tag_topics".* FROM "tag_topics" WHERE (name = 'Sports') LIMIT 1[0m
  [1m[35m (0.1ms)[0m  SELECT COUNT(*) FROM "shortened_urls" WHERE (short_url = 'JR5OS1NGAsTitzGQyz1Z9w')
  [1m[36m (0.1ms)[0m  [1mbegin transaction[0m
  [1m[35mShortenedUrl Exists (0.1ms)[0m  SELECT 1 AS one FROM "shortened_urls" WHERE "shortened_urls"."short_url" = 'JR5OS1NGAsTitzGQyz1Z9w' LIMIT 1
  [1m[36mUser Load (0.1ms)[0m  [1mSELECT "users".* FROM "users" WHERE "users"."id" = 1 LIMIT 1[0m
  [1m[35m (0.1ms)[0m  SELECT COUNT(*) FROM "shortened_urls" WHERE (submitter_id = '1' AND created_at >= '2013-10-02 23:51:28 UTC')
  [1m[36mSQL (0.5ms)[0m  [1mINSERT INTO "shortened_urls" ("created_at", "long_url", "short_url", "submitter_id", "updated_at") VALUES (?, ?, ?, ?, ?)[0m  [["created_at", Wed, 02 Oct 2013 23:52:28 UTC +00:00], ["long_url", "test.com"], ["short_url", "JR5OS1NGAsTitzGQyz1Z9w"], ["submitter_id", 1], ["updated_at", Wed, 02 Oct 2013 23:52:28 UTC +00:00]]
  [1m[35m (5.4ms)[0m  commit transaction
  [1m[36m (0.1ms)[0m  [1mbegin transaction[0m
  [1m[35mSQL (0.5ms)[0m  INSERT INTO "taggings" ("created_at", "tag_topic_id", "tagged_url_id", "updated_at") VALUES (?, ?, ?, ?)  [["created_at", Wed, 02 Oct 2013 23:52:28 UTC +00:00], ["tag_topic_id", 2], ["tagged_url_id", 27], ["updated_at", Wed, 02 Oct 2013 23:52:28 UTC +00:00]]
  [1m[36m (1.8ms)[0m  [1mcommit transaction[0m
Connecting to database specified by database.yml
Connecting to database specified by database.yml
Connecting to database specified by database.yml
